<?xml version="1.0" encoding="UTF-8"?>
<testsuite xmlns:xsi="http://www.w3.org/2001/XMLSchema-instance" xsi:noNamespaceSchemaLocation="https://maven.apache.org/surefire/maven-surefire-plugin/xsd/surefire-test-report.xsd" name="com.yupi.jinapiclientsdk.JinapiClientSdkApplicationTests" time="0.533" tests="1" errors="1" skipped="0" failures="0">
  <properties>
    <property name="sun.desktop" value="windows"/>
    <property name="awt.toolkit" value="sun.awt.windows.WToolkit"/>
    <property name="file.encoding.pkg" value="sun.io"/>
    <property name="java.specification.version" value="1.8"/>
    <property name="sun.cpu.isalist" value="amd64"/>
    <property name="sun.jnu.encoding" value="GBK"/>
    <property name="java.class.path" value="D:\jinapi-client-sdk\target\test-classes;D:\jinapi-client-sdk\target\classes;D:\maven\apache-maven-3.9.4\repository\org\springframework\boot\spring-boot-starter\2.7.15\spring-boot-starter-2.7.15.jar;D:\maven\apache-maven-3.9.4\repository\org\springframework\boot\spring-boot\2.7.15\spring-boot-2.7.15.jar;D:\maven\apache-maven-3.9.4\repository\org\springframework\spring-context\5.3.29\spring-context-5.3.29.jar;D:\maven\apache-maven-3.9.4\repository\org\springframework\spring-aop\5.3.29\spring-aop-5.3.29.jar;D:\maven\apache-maven-3.9.4\repository\org\springframework\spring-beans\5.3.29\spring-beans-5.3.29.jar;D:\maven\apache-maven-3.9.4\repository\org\springframework\spring-expression\5.3.29\spring-expression-5.3.29.jar;D:\maven\apache-maven-3.9.4\repository\org\springframework\boot\spring-boot-autoconfigure\2.7.15\spring-boot-autoconfigure-2.7.15.jar;D:\maven\apache-maven-3.9.4\repository\org\springframework\boot\spring-boot-starter-logging\2.7.15\spring-boot-starter-logging-2.7.15.jar;D:\maven\apache-maven-3.9.4\repository\ch\qos\logback\logback-classic\1.2.12\logback-classic-1.2.12.jar;D:\maven\apache-maven-3.9.4\repository\ch\qos\logback\logback-core\1.2.12\logback-core-1.2.12.jar;D:\maven\apache-maven-3.9.4\repository\org\apache\logging\log4j\log4j-to-slf4j\2.17.2\log4j-to-slf4j-2.17.2.jar;D:\maven\apache-maven-3.9.4\repository\org\apache\logging\log4j\log4j-api\2.17.2\log4j-api-2.17.2.jar;D:\maven\apache-maven-3.9.4\repository\org\slf4j\jul-to-slf4j\1.7.36\jul-to-slf4j-1.7.36.jar;D:\maven\apache-maven-3.9.4\repository\jakarta\annotation\jakarta.annotation-api\1.3.5\jakarta.annotation-api-1.3.5.jar;D:\maven\apache-maven-3.9.4\repository\org\springframework\spring-core\5.3.29\spring-core-5.3.29.jar;D:\maven\apache-maven-3.9.4\repository\org\springframework\spring-jcl\5.3.29\spring-jcl-5.3.29.jar;D:\maven\apache-maven-3.9.4\repository\org\yaml\snakeyaml\1.30\snakeyaml-1.30.jar;D:\maven\apache-maven-3.9.4\repository\org\springframework\boot\spring-boot-configuration-processor\2.7.15\spring-boot-configuration-processor-2.7.15.jar;D:\maven\apache-maven-3.9.4\repository\org\projectlombok\lombok\1.18.28\lombok-1.18.28.jar;D:\maven\apache-maven-3.9.4\repository\org\springframework\boot\spring-boot-starter-test\2.7.15\spring-boot-starter-test-2.7.15.jar;D:\maven\apache-maven-3.9.4\repository\org\springframework\boot\spring-boot-test\2.7.15\spring-boot-test-2.7.15.jar;D:\maven\apache-maven-3.9.4\repository\org\springframework\boot\spring-boot-test-autoconfigure\2.7.15\spring-boot-test-autoconfigure-2.7.15.jar;D:\maven\apache-maven-3.9.4\repository\com\jayway\jsonpath\json-path\2.7.0\json-path-2.7.0.jar;D:\maven\apache-maven-3.9.4\repository\net\minidev\json-smart\2.4.11\json-smart-2.4.11.jar;D:\maven\apache-maven-3.9.4\repository\net\minidev\accessors-smart\2.4.11\accessors-smart-2.4.11.jar;D:\maven\apache-maven-3.9.4\repository\org\ow2\asm\asm\9.3\asm-9.3.jar;D:\maven\apache-maven-3.9.4\repository\org\slf4j\slf4j-api\1.7.36\slf4j-api-1.7.36.jar;D:\maven\apache-maven-3.9.4\repository\jakarta\xml\bind\jakarta.xml.bind-api\2.3.3\jakarta.xml.bind-api-2.3.3.jar;D:\maven\apache-maven-3.9.4\repository\jakarta\activation\jakarta.activation-api\1.2.2\jakarta.activation-api-1.2.2.jar;D:\maven\apache-maven-3.9.4\repository\org\assertj\assertj-core\3.22.0\assertj-core-3.22.0.jar;D:\maven\apache-maven-3.9.4\repository\org\hamcrest\hamcrest\2.2\hamcrest-2.2.jar;D:\maven\apache-maven-3.9.4\repository\org\junit\jupiter\junit-jupiter\5.8.2\junit-jupiter-5.8.2.jar;D:\maven\apache-maven-3.9.4\repository\org\junit\jupiter\junit-jupiter-api\5.8.2\junit-jupiter-api-5.8.2.jar;D:\maven\apache-maven-3.9.4\repository\org\opentest4j\opentest4j\1.2.0\opentest4j-1.2.0.jar;D:\maven\apache-maven-3.9.4\repository\org\junit\platform\junit-platform-commons\1.8.2\junit-platform-commons-1.8.2.jar;D:\maven\apache-maven-3.9.4\repository\org\apiguardian\apiguardian-api\1.1.2\apiguardian-api-1.1.2.jar;D:\maven\apache-maven-3.9.4\repository\org\junit\jupiter\junit-jupiter-params\5.8.2\junit-jupiter-params-5.8.2.jar;D:\maven\apache-maven-3.9.4\repository\org\junit\jupiter\junit-jupiter-engine\5.8.2\junit-jupiter-engine-5.8.2.jar;D:\maven\apache-maven-3.9.4\repository\org\junit\platform\junit-platform-engine\1.8.2\junit-platform-engine-1.8.2.jar;D:\maven\apache-maven-3.9.4\repository\org\mockito\mockito-core\4.5.1\mockito-core-4.5.1.jar;D:\maven\apache-maven-3.9.4\repository\net\bytebuddy\byte-buddy\1.12.23\byte-buddy-1.12.23.jar;D:\maven\apache-maven-3.9.4\repository\net\bytebuddy\byte-buddy-agent\1.12.23\byte-buddy-agent-1.12.23.jar;D:\maven\apache-maven-3.9.4\repository\org\objenesis\objenesis\3.2\objenesis-3.2.jar;D:\maven\apache-maven-3.9.4\repository\org\mockito\mockito-junit-jupiter\4.5.1\mockito-junit-jupiter-4.5.1.jar;D:\maven\apache-maven-3.9.4\repository\org\skyscreamer\jsonassert\1.5.1\jsonassert-1.5.1.jar;D:\maven\apache-maven-3.9.4\repository\com\vaadin\external\google\android-json\0.0.20131108.vaadin1\android-json-0.0.20131108.vaadin1.jar;D:\maven\apache-maven-3.9.4\repository\org\springframework\spring-test\5.3.29\spring-test-5.3.29.jar;D:\maven\apache-maven-3.9.4\repository\org\xmlunit\xmlunit-core\2.9.1\xmlunit-core-2.9.1.jar;D:\maven\apache-maven-3.9.4\repository\cn\hutool\hutool-all\5.8.16\hutool-all-5.8.16.jar;"/>
    <property name="java.vm.vendor" value="Oracle Corporation"/>
    <property name="sun.arch.data.model" value="64"/>
    <property name="user.variant" value=""/>
    <property name="java.vendor.url" value="http://java.oracle.com/"/>
    <property name="user.timezone" value="Asia/Shanghai"/>
    <property name="java.vm.specification.version" value="1.8"/>
    <property name="os.name" value="Windows 10"/>
    <property name="user.country" value="CN"/>
    <property name="sun.java.launcher" value="SUN_STANDARD"/>
    <property name="sun.boot.library.path" value="C:\Program Files\Java\jdk1.8.0_201\jre\bin"/>
    <property name="sun.java.command" value="C:\Users\SanJin\AppData\Local\Temp\surefire5455186743195368640\surefirebooter426256922198298450.jar C:\Users\SanJin\AppData\Local\Temp\surefire5455186743195368640 2023-09-15T21-58-55_353-jvmRun1 surefire1802127120199133954tmp surefire_04994412405604584846tmp"/>
    <property name="surefire.test.class.path" value="D:\jinapi-client-sdk\target\test-classes;D:\jinapi-client-sdk\target\classes;D:\maven\apache-maven-3.9.4\repository\org\springframework\boot\spring-boot-starter\2.7.15\spring-boot-starter-2.7.15.jar;D:\maven\apache-maven-3.9.4\repository\org\springframework\boot\spring-boot\2.7.15\spring-boot-2.7.15.jar;D:\maven\apache-maven-3.9.4\repository\org\springframework\spring-context\5.3.29\spring-context-5.3.29.jar;D:\maven\apache-maven-3.9.4\repository\org\springframework\spring-aop\5.3.29\spring-aop-5.3.29.jar;D:\maven\apache-maven-3.9.4\repository\org\springframework\spring-beans\5.3.29\spring-beans-5.3.29.jar;D:\maven\apache-maven-3.9.4\repository\org\springframework\spring-expression\5.3.29\spring-expression-5.3.29.jar;D:\maven\apache-maven-3.9.4\repository\org\springframework\boot\spring-boot-autoconfigure\2.7.15\spring-boot-autoconfigure-2.7.15.jar;D:\maven\apache-maven-3.9.4\repository\org\springframework\boot\spring-boot-starter-logging\2.7.15\spring-boot-starter-logging-2.7.15.jar;D:\maven\apache-maven-3.9.4\repository\ch\qos\logback\logback-classic\1.2.12\logback-classic-1.2.12.jar;D:\maven\apache-maven-3.9.4\repository\ch\qos\logback\logback-core\1.2.12\logback-core-1.2.12.jar;D:\maven\apache-maven-3.9.4\repository\org\apache\logging\log4j\log4j-to-slf4j\2.17.2\log4j-to-slf4j-2.17.2.jar;D:\maven\apache-maven-3.9.4\repository\org\apache\logging\log4j\log4j-api\2.17.2\log4j-api-2.17.2.jar;D:\maven\apache-maven-3.9.4\repository\org\slf4j\jul-to-slf4j\1.7.36\jul-to-slf4j-1.7.36.jar;D:\maven\apache-maven-3.9.4\repository\jakarta\annotation\jakarta.annotation-api\1.3.5\jakarta.annotation-api-1.3.5.jar;D:\maven\apache-maven-3.9.4\repository\org\springframework\spring-core\5.3.29\spring-core-5.3.29.jar;D:\maven\apache-maven-3.9.4\repository\org\springframework\spring-jcl\5.3.29\spring-jcl-5.3.29.jar;D:\maven\apache-maven-3.9.4\repository\org\yaml\snakeyaml\1.30\snakeyaml-1.30.jar;D:\maven\apache-maven-3.9.4\repository\org\springframework\boot\spring-boot-configuration-processor\2.7.15\spring-boot-configuration-processor-2.7.15.jar;D:\maven\apache-maven-3.9.4\repository\org\projectlombok\lombok\1.18.28\lombok-1.18.28.jar;D:\maven\apache-maven-3.9.4\repository\org\springframework\boot\spring-boot-starter-test\2.7.15\spring-boot-starter-test-2.7.15.jar;D:\maven\apache-maven-3.9.4\repository\org\springframework\boot\spring-boot-test\2.7.15\spring-boot-test-2.7.15.jar;D:\maven\apache-maven-3.9.4\repository\org\springframework\boot\spring-boot-test-autoconfigure\2.7.15\spring-boot-test-autoconfigure-2.7.15.jar;D:\maven\apache-maven-3.9.4\repository\com\jayway\jsonpath\json-path\2.7.0\json-path-2.7.0.jar;D:\maven\apache-maven-3.9.4\repository\net\minidev\json-smart\2.4.11\json-smart-2.4.11.jar;D:\maven\apache-maven-3.9.4\repository\net\minidev\accessors-smart\2.4.11\accessors-smart-2.4.11.jar;D:\maven\apache-maven-3.9.4\repository\org\ow2\asm\asm\9.3\asm-9.3.jar;D:\maven\apache-maven-3.9.4\repository\org\slf4j\slf4j-api\1.7.36\slf4j-api-1.7.36.jar;D:\maven\apache-maven-3.9.4\repository\jakarta\xml\bind\jakarta.xml.bind-api\2.3.3\jakarta.xml.bind-api-2.3.3.jar;D:\maven\apache-maven-3.9.4\repository\jakarta\activation\jakarta.activation-api\1.2.2\jakarta.activation-api-1.2.2.jar;D:\maven\apache-maven-3.9.4\repository\org\assertj\assertj-core\3.22.0\assertj-core-3.22.0.jar;D:\maven\apache-maven-3.9.4\repository\org\hamcrest\hamcrest\2.2\hamcrest-2.2.jar;D:\maven\apache-maven-3.9.4\repository\org\junit\jupiter\junit-jupiter\5.8.2\junit-jupiter-5.8.2.jar;D:\maven\apache-maven-3.9.4\repository\org\junit\jupiter\junit-jupiter-api\5.8.2\junit-jupiter-api-5.8.2.jar;D:\maven\apache-maven-3.9.4\repository\org\opentest4j\opentest4j\1.2.0\opentest4j-1.2.0.jar;D:\maven\apache-maven-3.9.4\repository\org\junit\platform\junit-platform-commons\1.8.2\junit-platform-commons-1.8.2.jar;D:\maven\apache-maven-3.9.4\repository\org\apiguardian\apiguardian-api\1.1.2\apiguardian-api-1.1.2.jar;D:\maven\apache-maven-3.9.4\repository\org\junit\jupiter\junit-jupiter-params\5.8.2\junit-jupiter-params-5.8.2.jar;D:\maven\apache-maven-3.9.4\repository\org\junit\jupiter\junit-jupiter-engine\5.8.2\junit-jupiter-engine-5.8.2.jar;D:\maven\apache-maven-3.9.4\repository\org\junit\platform\junit-platform-engine\1.8.2\junit-platform-engine-1.8.2.jar;D:\maven\apache-maven-3.9.4\repository\org\mockito\mockito-core\4.5.1\mockito-core-4.5.1.jar;D:\maven\apache-maven-3.9.4\repository\net\bytebuddy\byte-buddy\1.12.23\byte-buddy-1.12.23.jar;D:\maven\apache-maven-3.9.4\repository\net\bytebuddy\byte-buddy-agent\1.12.23\byte-buddy-agent-1.12.23.jar;D:\maven\apache-maven-3.9.4\repository\org\objenesis\objenesis\3.2\objenesis-3.2.jar;D:\maven\apache-maven-3.9.4\repository\org\mockito\mockito-junit-jupiter\4.5.1\mockito-junit-jupiter-4.5.1.jar;D:\maven\apache-maven-3.9.4\repository\org\skyscreamer\jsonassert\1.5.1\jsonassert-1.5.1.jar;D:\maven\apache-maven-3.9.4\repository\com\vaadin\external\google\android-json\0.0.20131108.vaadin1\android-json-0.0.20131108.vaadin1.jar;D:\maven\apache-maven-3.9.4\repository\org\springframework\spring-test\5.3.29\spring-test-5.3.29.jar;D:\maven\apache-maven-3.9.4\repository\org\xmlunit\xmlunit-core\2.9.1\xmlunit-core-2.9.1.jar;D:\maven\apache-maven-3.9.4\repository\cn\hutool\hutool-all\5.8.16\hutool-all-5.8.16.jar;"/>
    <property name="sun.cpu.endian" value="little"/>
    <property name="user.home" value="C:\Users\SanJin"/>
    <property name="user.language" value="zh"/>
    <property name="java.specification.vendor" value="Oracle Corporation"/>
    <property name="java.home" value="C:\Program Files\Java\jdk1.8.0_201\jre"/>
    <property name="basedir" value="D:\jinapi-client-sdk"/>
    <property name="file.separator" value="\"/>
    <property name="line.separator" value="&#10;"/>
    <property name="java.vm.specification.vendor" value="Oracle Corporation"/>
    <property name="java.specification.name" value="Java Platform API Specification"/>
    <property name="java.awt.graphicsenv" value="sun.awt.Win32GraphicsEnvironment"/>
    <property name="surefire.real.class.path" value="C:\Users\SanJin\AppData\Local\Temp\surefire5455186743195368640\surefirebooter426256922198298450.jar"/>
    <property name="sun.boot.class.path" value="C:\Program Files\Java\jdk1.8.0_201\jre\lib\resources.jar;C:\Program Files\Java\jdk1.8.0_201\jre\lib\rt.jar;C:\Program Files\Java\jdk1.8.0_201\jre\lib\sunrsasign.jar;C:\Program Files\Java\jdk1.8.0_201\jre\lib\jsse.jar;C:\Program Files\Java\jdk1.8.0_201\jre\lib\jce.jar;C:\Program Files\Java\jdk1.8.0_201\jre\lib\charsets.jar;C:\Program Files\Java\jdk1.8.0_201\jre\lib\jfr.jar;C:\Program Files\Java\jdk1.8.0_201\jre\classes"/>
    <property name="user.script" value=""/>
    <property name="sun.management.compiler" value="HotSpot 64-Bit Tiered Compilers"/>
    <property name="java.runtime.version" value="1.8.0_201-b09"/>
    <property name="user.name" value="SanJin"/>
    <property name="path.separator" value=";"/>
    <property name="os.version" value="10.0"/>
    <property name="java.endorsed.dirs" value="C:\Program Files\Java\jdk1.8.0_201\jre\lib\endorsed"/>
    <property name="java.runtime.name" value="Java(TM) SE Runtime Environment"/>
    <property name="file.encoding" value="GBK"/>
    <property name="java.vm.name" value="Java HotSpot(TM) 64-Bit Server VM"/>
    <property name="localRepository" value="D:\maven\apache-maven-3.9.4\repository"/>
    <property name="java.vendor.url.bug" value="http://bugreport.sun.com/bugreport/"/>
    <property name="java.io.tmpdir" value="C:\Users\SanJin\AppData\Local\Temp\"/>
    <property name="idea.version" value="2023.2.1"/>
    <property name="java.version" value="1.8.0_201"/>
    <property name="user.dir" value="D:\jinapi-client-sdk"/>
    <property name="os.arch" value="amd64"/>
    <property name="java.vm.specification.name" value="Java Virtual Machine Specification"/>
    <property name="java.awt.printerjob" value="sun.awt.windows.WPrinterJob"/>
    <property name="sun.os.patch.level" value=""/>
    <property name="java.library.path" value="C:\Program Files\Java\jdk1.8.0_201\jre\bin;C:\WINDOWS\Sun\Java\bin;C:\WINDOWS\system32;C:\WINDOWS;C:\Program Files (x86)\Common Files\Oracle\Java\javapath;D:\VM\VM17\bin\;C:\WINDOWS\system32;C:\WINDOWS;C:\WINDOWS\System32\Wbem;C:\WINDOWS\System32\WindowsPowerShell\v1.0\;C:\WINDOWS\System32\OpenSSH\;D:\Git\cmd;C:\Program Files\dotnet\;C:\Program Files (x86)\NVIDIA Corporation\PhysX\Common;C:\Program Files\NVIDIA Corporation\NVIDIA NvDLISR;C:\Program Files\Java\jdk1.8.0_201\bin;C:\Program Files\Java\jre1.8.0_201\bin;D:\maven\apache-maven-3.9.4\bin;D:\redis\;D:\nodeJS\node_global\node_modules\yarn\bin;D:\nodeJS\;C:\Users\SanJin\AppData\Local\Microsoft\WindowsApps;D:\WebStorm 2023.2\bin;;D:\IDEA\IntelliJ IDEA 2023.2.1\bin;;C:\Users\SanJin\.dotnet\tools;C:\Program Files\MySQL\MySQL Server 5.7\bin;D:\nodeJS;%NODE_HOME%;%NODE_HOME%\node_modules;%NODE_HOME%\node_global\;D:\nodeJS\node_global\node_modules\yarn\bin;C:\Users\SanJin\AppData\Roaming\npm;."/>
    <property name="java.vm.info" value="mixed mode"/>
    <property name="java.vendor" value="Oracle Corporation"/>
    <property name="java.vm.version" value="25.201-b09"/>
    <property name="java.ext.dirs" value="C:\Program Files\Java\jdk1.8.0_201\jre\lib\ext;C:\WINDOWS\Sun\Java\lib\ext"/>
    <property name="sun.io.unicode.encoding" value="UnicodeLittle"/>
    <property name="java.class.version" value="52.0"/>
  </properties>
  <testcase name="com.yupi.jinapiclientsdk.JinapiClientSdkApplicationTests" classname="com.yupi.jinapiclientsdk.JinapiClientSdkApplicationTests" time="0.532">
    <error message="Unable to find a @SpringBootConfiguration, you need to use @ContextConfiguration or @SpringBootTest(classes=...) with your test" type="java.lang.IllegalStateException">java.lang.IllegalStateException: Unable to find a @SpringBootConfiguration, you need to use @ContextConfiguration or @SpringBootTest(classes=...) with your test
</error>
    <system-out><![CDATA[21:59:01.961 [main] DEBUG org.springframework.test.context.BootstrapUtils - Instantiating CacheAwareContextLoaderDelegate from class [org.springframework.test.context.cache.DefaultCacheAwareContextLoaderDelegate]
21:59:01.992 [main] DEBUG org.springframework.test.context.BootstrapUtils - Instantiating BootstrapContext using constructor [public org.springframework.test.context.support.DefaultBootstrapContext(java.lang.Class,org.springframework.test.context.CacheAwareContextLoaderDelegate)]
21:59:02.082 [main] DEBUG org.springframework.test.context.BootstrapUtils - Instantiating TestContextBootstrapper for test class [com.yupi.jinapiclientsdk.JinapiClientSdkApplicationTests] from class [org.springframework.boot.test.context.SpringBootTestContextBootstrapper]
21:59:02.111 [main] INFO org.springframework.boot.test.context.SpringBootTestContextBootstrapper - Neither @ContextConfiguration nor @ContextHierarchy found for test class [com.yupi.jinapiclientsdk.JinapiClientSdkApplicationTests], using SpringBootContextLoader
21:59:02.118 [main] DEBUG org.springframework.test.context.support.AbstractContextLoader - Did not detect default resource location for test class [com.yupi.jinapiclientsdk.JinapiClientSdkApplicationTests]: class path resource [com/yupi/jinapiclientsdk/JinapiClientSdkApplicationTests-context.xml] does not exist
21:59:02.118 [main] DEBUG org.springframework.test.context.support.AbstractContextLoader - Did not detect default resource location for test class [com.yupi.jinapiclientsdk.JinapiClientSdkApplicationTests]: class path resource [com/yupi/jinapiclientsdk/JinapiClientSdkApplicationTestsContext.groovy] does not exist
21:59:02.119 [main] INFO org.springframework.test.context.support.AbstractContextLoader - Could not detect default resource locations for test class [com.yupi.jinapiclientsdk.JinapiClientSdkApplicationTests]: no resource found for suffixes {-context.xml, Context.groovy}.
21:59:02.120 [main] INFO org.springframework.test.context.support.AnnotationConfigContextLoaderUtils - Could not detect default configuration classes for test class [com.yupi.jinapiclientsdk.JinapiClientSdkApplicationTests]: JinapiClientSdkApplicationTests does not declare any static, non-private, non-final, nested classes annotated with @Configuration.
21:59:02.227 [main] DEBUG org.springframework.test.context.support.ActiveProfilesUtils - Could not find an 'annotation declaring class' for annotation type [org.springframework.test.context.ActiveProfiles] and class [com.yupi.jinapiclientsdk.JinapiClientSdkApplicationTests]
]]></system-out>
  </testcase>
</testsuite>